<?xml version="1.0" encoding="UTF-8"?>
<!-- Generated by org.testng.reporters.JUnitXMLReporter -->
<testsuite ignored="1" hostname="LAPTOP-BIM2FR3V" failures="1" tests="9" name="Test" time="80.429" errors="0" timestamp="2024-10-20T05:32:00 IST">
  <testcase classname="testScenarios.Rediff" name="openRediff" time="9.082"/>
  <testcase classname="testScenarios.Rediff" name="login" time="0.95">
    <failure type="java.lang.AssertionError" message="The following asserts failed:
	expected [Rediffmail12] but found [Rediffmail]">
      <![CDATA[java.lang.AssertionError: The following asserts failed:
expected [Rediffmail12] but found [Rediffmail]
at testScenarios.Rediff.login(Rediff.java:45)
at java.base/java.util.ArrayList.forEach(ArrayList.java:1596)
... Removed 27 stack frames]]>
    </failure>
  </testcase> <!-- login -->
  <testcase classname="testScenarios.Rediff" name="closeRediff" time="1.359"/>
  <testcase classname="testScenarios.DynDataHandling" name="dynData" time="7.259"/>
  <testcase classname="testScenarios.HandlingAlerts" name="alerts" time="8.449"/>
  <testcase classname="testScenarios.Vindeep" name="vindeep" time="19.211"/>
  <testcase classname="testScenarios.SwitchingWind" name="winswitch" time="9.812"/>
  <testcase classname="testScenarios.MouseActions" name="dragAndDrop" time="11.64"/>
  <testcase classname="testScenarios.MultipleListBox" name="myltiList" time="12.562"/>
  <testcase classname="testScenarios.Rediff" name="login1" time="0.0">
    <ignored/>
  </testcase> <!-- login1 -->
</testsuite> <!-- Test -->
