<?xml version="1.0" encoding="UTF-8"?>
<!-- Generated by org.testng.reporters.JUnitXMLReporter -->
<testsuite ignored="0" hostname="LAPTOP-BIM2FR3V" failures="0" tests="14" name="Test" time="57.367" errors="0" timestamp="2024-11-28T20:19:18 IST">
  <testcase classname="testScenarios.Rediff" name="openRediff" time="4.076"/>
  <testcase classname="testScenarios.Rediff" name="loginRediff" time="0.026"/>
  <testcase classname="testScenarios.Rediff" name="closeRediff" time="1.31"/>
  <testcase classname="testScenarios.MouseHover" name="dragAndDrop" time="5.818"/>
  <testcase classname="testScenarios.ReadFrmWebTable" name="readFrmTable" time="10.66"/>
  <testcase classname="testScenarios.ThruTextFile" name="writeAndReadFrmTextFile" time="0.005"/>
  <testcase classname="testScenarios.DP_Exp" name="login" time="0.007"/>
  <testcase classname="testScenarios.DP_Exp" name="login" time="0.001"/>
  <testcase classname="testScenarios.DP_Exp" name="login" time="0.001"/>
  <testcase classname="testScenarios.SwitchingWind" name="switchWin" time="10.889"/>
  <testcase classname="testScenarios.CompareWebTableData" name="readFrmTextFile" time="0.0"/>
  <testcase classname="testScenarios.CompareWebTableData" name="readFrmWebTable" time="10.278"/>
  <testcase classname="testScenarios.CompareWebTableData" name="compareWebTable" time="0.002"/>
  <testcase classname="testScenarios.CheckAndRadBtns" name="verifyChkAndRadBtns" time="14.219"/>
</testsuite> <!-- Test -->
