<?xml version="1.0" encoding="UTF-8"?>
<!-- Generated by org.testng.reporters.JUnitXMLReporter -->
<testsuite ignored="1" hostname="LAPTOP-BIM2FR3V" failures="0" tests="9" name="Test" time="71.493" errors="0" timestamp="2024-10-21T05:30:14 IST">
  <testcase classname="testScenarios.Rediff" name="openRediff" time="6.417"/>
  <testcase classname="testScenarios.Rediff" name="login" time="0.672"/>
  <testcase classname="testScenarios.Rediff" name="closeRediff" time="1.401"/>
  <testcase classname="testScenarios.DynDataHandling" name="dynData" time="5.945"/>
  <testcase classname="testScenarios.HandlingAlerts" name="alerts" time="8.15"/>
  <testcase classname="testScenarios.Vindeep" name="vindeep" time="18.245"/>
  <testcase classname="testScenarios.SwitchingWind" name="winswitch" time="8.266"/>
  <testcase classname="testScenarios.MouseActions" name="dragAndDrop" time="10.026"/>
  <testcase classname="testScenarios.MultipleListBox" name="myltiList" time="12.292"/>
  <testcase classname="testScenarios.Rediff" name="login1" time="0.0">
    <ignored/>
  </testcase> <!-- login1 -->
</testsuite> <!-- Test -->
