<?xml version="1.0" encoding="UTF-8"?>
<!-- Generated by org.testng.reporters.JUnitXMLReporter -->
<testsuite ignored="0" hostname="LAPTOP-BIM2FR3V" failures="0" tests="14" name="Test" time="43.374" errors="0" timestamp="2024-11-28T20:35:41 IST">
  <testcase classname="testScenarios.Rediff" name="openRediff" time="3.316"/>
  <testcase classname="testScenarios.Rediff" name="loginRediff" time="0.011"/>
  <testcase classname="testScenarios.Rediff" name="closeRediff" time="1.322"/>
  <testcase classname="testScenarios.MouseHover" name="dragAndDrop" time="4.839"/>
  <testcase classname="testScenarios.ReadFrmWebTable" name="readFrmTable" time="7.234"/>
  <testcase classname="testScenarios.ThruTextFile" name="writeAndReadFrmTextFile" time="0.005"/>
  <testcase classname="testScenarios.DP_Exp" name="login" time="0.012"/>
  <testcase classname="testScenarios.DP_Exp" name="login" time="0.003"/>
  <testcase classname="testScenarios.DP_Exp" name="login" time="0.001"/>
  <testcase classname="testScenarios.SwitchingWind" name="switchWin" time="7.791"/>
  <testcase classname="testScenarios.CompareWebTableData" name="readFrmTextFile" time="0.002"/>
  <testcase classname="testScenarios.CompareWebTableData" name="readFrmWebTable" time="6.772"/>
  <testcase classname="testScenarios.CompareWebTableData" name="compareWebTable" time="0.001"/>
  <testcase classname="testScenarios.CheckAndRadBtns" name="verifyChkAndRadBtns" time="11.97"/>
</testsuite> <!-- Test -->
