<?xml version="1.0" encoding="UTF-8"?>
<testng-results ignored="0" total="14" passed="14" failed="0" skipped="0">
  <reporter-output>
  </reporter-output>
  <suite started-at="2024-11-28T20:34:58 IST" name="Suite" finished-at="2024-11-28T20:35:41 IST" duration-ms="43374">
    <groups>
    </groups>
    <test started-at="2024-11-28T20:34:58 IST" name="Test" finished-at="2024-11-28T20:35:41 IST" duration-ms="43374">
      <class name="testScenarios.Rediff">
        <test-method signature="openRediff()[pri:1, instance:testScenarios.Rediff@6ee660fb]" started-at="2024-11-28T20:34:58 IST" name="openRediff" description="Launch" finished-at="2024-11-28T20:35:01 IST" duration-ms="3316" status="PASS">
          <reporter-output>
          </reporter-output>
        </test-method> <!-- openRediff -->
        <test-method signature="loginRediff()[pri:2, instance:testScenarios.Rediff@6ee660fb]" started-at="2024-11-28T20:35:01 IST" name="loginRediff" description="Login" finished-at="2024-11-28T20:35:01 IST" duration-ms="11" status="PASS">
          <reporter-output>
          </reporter-output>
        </test-method> <!-- loginRediff -->
        <test-method signature="closeRediff()[pri:3, instance:testScenarios.Rediff@6ee660fb]" started-at="2024-11-28T20:35:01 IST" name="closeRediff" description="Close" finished-at="2024-11-28T20:35:03 IST" duration-ms="1322" status="PASS">
          <reporter-output>
          </reporter-output>
        </test-method> <!-- closeRediff -->
      </class> <!-- testScenarios.Rediff -->
      <class name="testScenarios.SwitchingWind">
        <test-method signature="switchWin()[pri:0, instance:testScenarios.SwitchingWind@54dcfa5a]" started-at="2024-11-28T20:35:15 IST" name="switchWin" finished-at="2024-11-28T20:35:23 IST" duration-ms="7791" status="PASS">
          <reporter-output>
          </reporter-output>
        </test-method> <!-- switchWin -->
      </class> <!-- testScenarios.SwitchingWind -->
      <class name="testScenarios.DP_Exp">
        <test-method signature="login(java.lang.String,java.lang.String)[pri:0, instance:testScenarios.DP_Exp@6d23017e]" started-at="2024-11-28T20:35:15 IST" name="login" data-provider="data" finished-at="2024-11-28T20:35:15 IST" duration-ms="12" status="PASS">
          <params>
            <param index="0">
              <value>
                <![CDATA[test]]>
              </value>
            </param>
            <param index="1">
              <value>
                <![CDATA[test1]]>
              </value>
            </param>
          </params>
          <reporter-output>
          </reporter-output>
        </test-method> <!-- login -->
        <test-method signature="login(java.lang.String,java.lang.String)[pri:0, instance:testScenarios.DP_Exp@6d23017e]" started-at="2024-11-28T20:35:15 IST" name="login" data-provider="data" finished-at="2024-11-28T20:35:15 IST" duration-ms="3" status="PASS">
          <params>
            <param index="0">
              <value>
                <![CDATA[check]]>
              </value>
            </param>
            <param index="1">
              <value>
                <![CDATA[check1]]>
              </value>
            </param>
          </params>
          <reporter-output>
          </reporter-output>
        </test-method> <!-- login -->
        <test-method signature="login(java.lang.String,java.lang.String)[pri:0, instance:testScenarios.DP_Exp@6d23017e]" started-at="2024-11-28T20:35:15 IST" name="login" data-provider="data" finished-at="2024-11-28T20:35:15 IST" duration-ms="1" status="PASS">
          <params>
            <param index="0">
              <value>
                <![CDATA[temp]]>
              </value>
            </param>
            <param index="1">
              <value>
                <![CDATA[temp1]]>
              </value>
            </param>
          </params>
          <reporter-output>
          </reporter-output>
        </test-method> <!-- login -->
      </class> <!-- testScenarios.DP_Exp -->
      <class name="testScenarios.MouseHover">
        <test-method signature="dragAndDrop()[pri:0, instance:testScenarios.MouseHover@447a020]" started-at="2024-11-28T20:35:03 IST" name="dragAndDrop" finished-at="2024-11-28T20:35:08 IST" duration-ms="4839" status="PASS">
          <reporter-output>
          </reporter-output>
        </test-method> <!-- dragAndDrop -->
      </class> <!-- testScenarios.MouseHover -->
      <class name="testScenarios.CheckAndRadBtns">
        <test-method signature="verifyChkAndRadBtns()[pri:0, instance:testScenarios.CheckAndRadBtns@767e20cf]" started-at="2024-11-28T20:35:29 IST" name="verifyChkAndRadBtns" finished-at="2024-11-28T20:35:41 IST" duration-ms="11970" status="PASS">
          <reporter-output>
          </reporter-output>
        </test-method> <!-- verifyChkAndRadBtns -->
      </class> <!-- testScenarios.CheckAndRadBtns -->
      <class name="testScenarios.ReadFrmWebTable">
        <test-method signature="readFrmTable()[pri:0, instance:testScenarios.ReadFrmWebTable@7f36662c]" started-at="2024-11-28T20:35:08 IST" name="readFrmTable" finished-at="2024-11-28T20:35:15 IST" duration-ms="7234" status="PASS">
          <reporter-output>
          </reporter-output>
        </test-method> <!-- readFrmTable -->
      </class> <!-- testScenarios.ReadFrmWebTable -->
      <class name="testScenarios.ThruTextFile">
        <test-method signature="writeAndReadFrmTextFile()[pri:0, instance:testScenarios.ThruTextFile@28e8dde3]" started-at="2024-11-28T20:35:15 IST" name="writeAndReadFrmTextFile" finished-at="2024-11-28T20:35:15 IST" duration-ms="5" status="PASS">
          <reporter-output>
          </reporter-output>
        </test-method> <!-- writeAndReadFrmTextFile -->
      </class> <!-- testScenarios.ThruTextFile -->
      <class name="testScenarios.CompareWebTableData">
        <test-method signature="readFrmTextFile()[pri:1, instance:testScenarios.CompareWebTableData@1817f1eb]" started-at="2024-11-28T20:35:23 IST" name="readFrmTextFile" finished-at="2024-11-28T20:35:23 IST" duration-ms="2" status="PASS">
          <reporter-output>
          </reporter-output>
        </test-method> <!-- readFrmTextFile -->
        <test-method signature="readFrmWebTable()[pri:2, instance:testScenarios.CompareWebTableData@1817f1eb]" started-at="2024-11-28T20:35:23 IST" name="readFrmWebTable" finished-at="2024-11-28T20:35:29 IST" duration-ms="6772" status="PASS">
          <reporter-output>
          </reporter-output>
        </test-method> <!-- readFrmWebTable -->
        <test-method signature="compareWebTable()[pri:3, instance:testScenarios.CompareWebTableData@1817f1eb]" started-at="2024-11-28T20:35:29 IST" name="compareWebTable" finished-at="2024-11-28T20:35:29 IST" duration-ms="1" status="PASS">
          <reporter-output>
          </reporter-output>
        </test-method> <!-- compareWebTable -->
      </class> <!-- testScenarios.CompareWebTableData -->
    </test> <!-- Test -->
  </suite> <!-- Suite -->
</testng-results>
