<?xml version="1.0" encoding="UTF-8"?>
<testng-results ignored="0" total="9" passed="9" failed="0" skipped="0">
  <reporter-output>
  </reporter-output>
  <suite started-at="2024-10-21T05:29:03 IST" name="Suite" finished-at="2024-10-21T05:30:14 IST" duration-ms="71493">
    <groups>
    </groups>
    <test started-at="2024-10-21T05:29:03 IST" name="Test" finished-at="2024-10-21T05:30:14 IST" duration-ms="71493">
      <class name="testScenarios.Rediff">
        <test-method signature="openRediff()[pri:1, instance:testScenarios.Rediff@2145b572]" started-at="2024-10-21T05:29:03 IST" name="openRediff" description="Launch app" finished-at="2024-10-21T05:29:09 IST" duration-ms="6417" status="PASS">
          <reporter-output>
          </reporter-output>
        </test-method> <!-- openRediff -->
        <test-method signature="login()[pri:2, instance:testScenarios.Rediff@2145b572]" started-at="2024-10-21T05:29:09 IST" name="login" description="login-Soft" finished-at="2024-10-21T05:29:10 IST" duration-ms="672" status="PASS">
          <reporter-output>
          </reporter-output>
        </test-method> <!-- login -->
        <test-method signature="closeRediff()[pri:3, instance:testScenarios.Rediff@2145b572]" started-at="2024-10-21T05:29:10 IST" name="closeRediff" description="Close app" finished-at="2024-10-21T05:29:11 IST" duration-ms="1401" status="PASS">
          <reporter-output>
          </reporter-output>
        </test-method> <!-- closeRediff -->
      </class> <!-- testScenarios.Rediff -->
      <class name="testScenarios.SwitchingWind">
        <test-method signature="winswitch()[pri:0, instance:testScenarios.SwitchingWind@619713e5]" started-at="2024-10-21T05:29:44 IST" name="winswitch" finished-at="2024-10-21T05:29:52 IST" duration-ms="8266" status="PASS">
          <reporter-output>
          </reporter-output>
        </test-method> <!-- winswitch -->
      </class> <!-- testScenarios.SwitchingWind -->
      <class name="testScenarios.DynDataHandling">
        <test-method signature="dynData()[pri:0, instance:testScenarios.DynDataHandling@c33b74f]" started-at="2024-10-21T05:29:11 IST" name="dynData" finished-at="2024-10-21T05:29:17 IST" duration-ms="5945" status="PASS">
          <reporter-output>
          </reporter-output>
        </test-method> <!-- dynData -->
      </class> <!-- testScenarios.DynDataHandling -->
      <class name="testScenarios.Vindeep">
        <test-method signature="vindeep()[pri:0, instance:testScenarios.Vindeep@2c767a52]" started-at="2024-10-21T05:29:26 IST" name="vindeep" finished-at="2024-10-21T05:29:44 IST" duration-ms="18245" status="PASS">
          <reporter-output>
          </reporter-output>
        </test-method> <!-- vindeep -->
      </class> <!-- testScenarios.Vindeep -->
      <class name="testScenarios.MouseActions">
        <test-method signature="dragAndDrop()[pri:0, instance:testScenarios.MouseActions@708f5957]" started-at="2024-10-21T05:29:52 IST" name="dragAndDrop" finished-at="2024-10-21T05:30:02 IST" duration-ms="10026" status="PASS">
          <reporter-output>
          </reporter-output>
        </test-method> <!-- dragAndDrop -->
      </class> <!-- testScenarios.MouseActions -->
      <class name="testScenarios.HandlingAlerts">
        <test-method signature="alerts()[pri:0, instance:testScenarios.HandlingAlerts@130161f7]" started-at="2024-10-21T05:29:17 IST" name="alerts" finished-at="2024-10-21T05:29:26 IST" duration-ms="8150" status="PASS">
          <reporter-output>
          </reporter-output>
        </test-method> <!-- alerts -->
      </class> <!-- testScenarios.HandlingAlerts -->
      <class name="testScenarios.MultipleListBox">
        <test-method signature="myltiList()[pri:0, instance:testScenarios.MultipleListBox@68999068]" started-at="2024-10-21T05:30:02 IST" name="myltiList" finished-at="2024-10-21T05:30:14 IST" duration-ms="12292" status="PASS">
          <reporter-output>
          </reporter-output>
        </test-method> <!-- myltiList -->
      </class> <!-- testScenarios.MultipleListBox -->
    </test> <!-- Test -->
  </suite> <!-- Suite -->
</testng-results>
