<?xml version="1.0" encoding="UTF-8"?>
<testsuite xmlns:xsi="http://www.w3.org/2001/XMLSchema-instance" xsi:noNamespaceSchemaLocation="https://maven.apache.org/surefire/maven-surefire-plugin/xsd/surefire-test-report.xsd" version="3.0.1" name="TestSuite" time="72.401" tests="9" errors="0" skipped="0" failures="0">
  <properties>
[...]
</properties>
  <testcase name="openRediff" classname="testScenarios.Rediff" time="6.419">
    <system-out><![CDATA[Open Rediff
]]></system-out>
    <system-err><![CDATA[SLF4J: Failed to load class "org.slf4j.impl.StaticLoggerBinder".
SLF4J: Defaulting to no-operation (NOP) logger implementation
SLF4J: See http://www.slf4j.org/codes.html#StaticLoggerBinder for further details.
Oct 21, 2024 5:29:05 AM org.openqa.selenium.devtools.CdpVersionFinder findNearestMatch
WARNING: Unable to find an exact match for CDP version 130, returning the closest version; found: 129; Please update to a Selenium version that supports CDP version 130
]]></system-err>
  </testcase>
  <testcase name="login" classname="testScenarios.Rediff" time="0.672">
    <system-out><![CDATA[Login Rediff
Assert Executed...
]]></system-out>
  </testcase>
  <testcase name="closeRediff" classname="testScenarios.Rediff" time="1.401">
    <system-out><![CDATA[Close Rediff
]]></system-out>
  </testcase>
  <testcase name="dynData" classname="testScenarios.DynDataHandling" time="5.944">
    <system-out><![CDATA[What is 0 + 7
0	7
7
Calculation is correct..
What is 4 + 6
4	6
10
Calculation is correct..
What is 8 + 3
8	3
11
Calculation is correct..
]]></system-out>
    <system-err><![CDATA[Oct 21, 2024 5:29:13 AM org.openqa.selenium.devtools.CdpVersionFinder findNearestMatch
WARNING: Unable to find an exact match for CDP version 130, returning the closest version; found: 129; Please update to a Selenium version that supports CDP version 130
]]></system-err>
  </testcase>
  <testcase name="alerts" classname="testScenarios.HandlingAlerts" time="8.15">
    <system-err><![CDATA[Oct 21, 2024 5:29:19 AM org.openqa.selenium.devtools.CdpVersionFinder findNearestMatch
WARNING: Unable to find an exact match for CDP version 130, returning the closest version; found: 129; Please update to a Selenium version that supports CDP version 130
]]></system-err>
  </testcase>
  <testcase name="vindeep" classname="testScenarios.Vindeep" time="18.246">
    <system-out><![CDATA[title=Fixed Deposit Calculator | Calculate FD Interest, Maturity value
Title Matched...
Days
Item Matched..
Months
Item Matched..
Years
Item Matched..
Total Items=3
FD Maturity Amount=202,068
]]></system-out>
    <system-err><![CDATA[Oct 21, 2024 5:29:27 AM org.openqa.selenium.devtools.CdpVersionFinder findNearestMatch
WARNING: Unable to find an exact match for CDP version 130, returning the closest version; found: 129; Please update to a Selenium version that supports CDP version 130
]]></system-err>
  </testcase>
  <testcase name="winswitch" classname="testScenarios.SwitchingWind" time="8.267">
    <system-out><![CDATA[total windows opened=2
B9A6D7280603EC3FD2F16A720337C48F
ACABEAB64EE957246FCD7E69ABECF430
Window1 title=W3Schools Tryit Editor
Window2 title=W3Schools Online Web Tutorials
true
]]></system-out>
    <system-err><![CDATA[Oct 21, 2024 5:29:45 AM org.openqa.selenium.devtools.CdpVersionFinder findNearestMatch
WARNING: Unable to find an exact match for CDP version 130, returning the closest version; found: 129; Please update to a Selenium version that supports CDP version 130
]]></system-err>
  </testcase>
  <testcase name="dragAndDrop" classname="testScenarios.MouseActions" time="10.027">
    <system-err><![CDATA[Oct 21, 2024 5:29:53 AM org.openqa.selenium.devtools.CdpVersionFinder findNearestMatch
WARNING: Unable to find an exact match for CDP version 130, returning the closest version; found: 129; Please update to a Selenium version that supports CDP version 130
]]></system-err>
  </testcase>
  <testcase name="myltiList" classname="testScenarios.MultipleListBox" time="12.293">
    <system-out><![CDATA[cars=volvo&cars=saab&cars=audi 
]]></system-out>
    <system-err><![CDATA[Oct 21, 2024 5:30:03 AM org.openqa.selenium.devtools.CdpVersionFinder findNearestMatch
WARNING: Unable to find an exact match for CDP version 130, returning the closest version; found: 129; Please update to a Selenium version that supports CDP version 130
]]></system-err>
  </testcase>
</testsuite>