<?xml version="1.0" encoding="UTF-8"?>
<testsuite xmlns:xsi="http://www.w3.org/2001/XMLSchema-instance" xsi:noNamespaceSchemaLocation="https://maven.apache.org/surefire/maven-surefire-plugin/xsd/surefire-test-report.xsd" version="3.0.1" name="TestSuite" time="46.548" tests="14" errors="0" skipped="0" failures="0">
  <properties>
[...]
</properties>
  <testcase name="openRediff" classname="testScenarios.Rediff" time="3.32">
    <system-out><![CDATA[Launch Rediff...
]]></system-out>
    <system-err><![CDATA[SLF4J: Failed to load class "org.slf4j.impl.StaticLoggerBinder".
SLF4J: Defaulting to no-operation (NOP) logger implementation
SLF4J: See http://www.slf4j.org/codes.html#StaticLoggerBinder for further details.
Nov 28, 2024 8:34:58 PM org.openqa.selenium.devtools.CdpVersionFinder findNearestMatch
WARNING: Unable to find an exact match for CDP version 131, returning the closest version; found: 130; Please update to a Selenium version that supports CDP version 131
]]></system-err>
  </testcase>
  <testcase name="loginRediff" classname="testScenarios.Rediff" time="0.013">
    <system-out><![CDATA[Login Rediff..
Assert Executed..
title is matching...
]]></system-out>
  </testcase>
  <testcase name="closeRediff" classname="testScenarios.Rediff" time="1.32">
    <system-out><![CDATA[Close Rediff.
]]></system-out>
  </testcase>
  <testcase name="dragAndDrop" classname="testScenarios.MouseHover" time="4.84">
    <system-err><![CDATA[Nov 28, 2024 8:35:04 PM org.openqa.selenium.devtools.CdpVersionFinder findNearestMatch
WARNING: Unable to find an exact match for CDP version 131, returning the closest version; found: 130; Please update to a Selenium version that supports CDP version 131
]]></system-err>
  </testcase>
  <testcase name="readFrmTable" classname="testScenarios.ReadFrmWebTable" time="7.234">
    <system-out><![CDATA[total rows=7
]]></system-out>
    <system-err><![CDATA[Nov 28, 2024 8:35:09 PM org.openqa.selenium.devtools.CdpVersionFinder findNearestMatch
WARNING: Unable to find an exact match for CDP version 131, returning the closest version; found: 130; Please update to a Selenium version that supports CDP version 131
]]></system-err>
  </testcase>
  <testcase name="writeAndReadFrmTextFile" classname="testScenarios.ThruTextFile" time="0.009">
    <system-out><![CDATA[This is my First Line
This is my Second Line
]]></system-out>
  </testcase>
  <testcase name="login[test, test1](1)" classname="testScenarios.DP_Exp" time="0.016">
    <system-out><![CDATA[test	test1
]]></system-out>
  </testcase>
  <testcase name="login[check, check1](2)" classname="testScenarios.DP_Exp" time="0.002">
    <system-out><![CDATA[check	check1
]]></system-out>
  </testcase>
  <testcase name="login[temp, temp1](3)" classname="testScenarios.DP_Exp" time="0.002">
    <system-out><![CDATA[temp	temp1
]]></system-out>
  </testcase>
  <testcase name="switchWin" classname="testScenarios.SwitchingWind" time="7.79">
    <system-out><![CDATA[total windows=2
AA935B229C2D5E1B41C55BA5F6027323
415B5D7C08D5160C0B98A6DB794359AE
Window1 title=W3Schools Tryit Editor
Window2 title=W3Schools Online Web Tutorials
]]></system-out>
    <system-err><![CDATA[Nov 28, 2024 8:35:16 PM org.openqa.selenium.devtools.CdpVersionFinder findNearestMatch
WARNING: Unable to find an exact match for CDP version 131, returning the closest version; found: 130; Please update to a Selenium version that supports CDP version 131
]]></system-err>
  </testcase>
  <testcase name="readFrmTextFile" classname="testScenarios.CompareWebTableData" time="0.003"/>
  <testcase name="readFrmWebTable" classname="testScenarios.CompareWebTableData" time="6.772">
    <system-out><![CDATA[total rows=7
]]></system-out>
    <system-err><![CDATA[Nov 28, 2024 8:35:24 PM org.openqa.selenium.devtools.CdpVersionFinder findNearestMatch
WARNING: Unable to find an exact match for CDP version 131, returning the closest version; found: 130; Please update to a Selenium version that supports CDP version 131
]]></system-err>
  </testcase>
  <testcase name="compareWebTable" classname="testScenarios.CompareWebTableData" time="0.004">
    <system-out><![CDATA[Item not Matched..
Item not Matched..
]]></system-out>
  </testcase>
  <testcase name="verifyChkAndRadBtns" classname="testScenarios.CheckAndRadBtns" time="11.969">
    <system-out><![CDATA[Radio button BMW is selected..
Benz and Honda are selected
]]></system-out>
    <system-err><![CDATA[Nov 28, 2024 8:35:31 PM org.openqa.selenium.devtools.CdpVersionFinder findNearestMatch
WARNING: Unable to find an exact match for CDP version 131, returning the closest version; found: 130; Please update to a Selenium version that supports CDP version 131
]]></system-err>
  </testcase>
</testsuite>