<?xml version="1.0" encoding="UTF-8"?>
<!-- Generated by org.testng.reporters.JUnitReportReporter -->
<testsuite hostname="LAPTOP-BIM2FR3V" failures="0" tests="4" name="testScenarios.Rediff" time="8.490" errors="0" timestamp="2024-10-21T05:30:15 IST" skipped="1">
  <testcase classname="testScenarios.Rediff" name="openRediff" time="6.417"/>
  <testcase classname="testScenarios.Rediff" name="login" time="0.672"/>
  <testcase classname="testScenarios.Rediff" name="closeRediff" time="1.401"/>
  <testcase classname="testScenarios.Rediff" name="login1">
    <skipped/>
  </testcase> <!-- login1 -->
</testsuite> <!-- testScenarios.Rediff -->
